<?xml version="1.0" encoding="UTF-8"?>
<!-- Generated by org.testng.reporters.JUnitReportReporter -->
<testsuite hostname="HP-PC" failures="0" tests="1" name="testngflags.Class3" time="197.660" errors="0" timestamp="2022-06-08T00:52:08 IST" skipped="0">
  <testcase classname="testngflags.Class3" name="f" time="197.660"/>
  <system-out/>
</testsuite> <!-- testngflags.Class3 -->
