<?xml version="1.0" encoding="UTF-8"?>
<!-- Generated by org.testng.reporters.JUnitReportReporter -->
<testsuite hostname="HP-PC" failures="0" tests="1" name="testngpack.Demo1" time="0.029" errors="0" timestamp="2022-06-06T09:14:42 IST" skipped="0">
  <testcase classname="testngpack.Demo1" name="a" time="0.029"/>
  <system-out>
    <![CDATA[demo class method]]>
  </system-out>
</testsuite> <!-- testngpack.Demo1 -->
