<?xml version="1.0" encoding="UTF-8"?>
<!-- Generated by org.testng.reporters.JUnitReportReporter -->
<testsuite hostname="HP-PC" failures="0" tests="9" name="testngflags.Flag4" time="0.079" errors="0" timestamp="2022-06-06T13:41:52 IST" skipped="0">
  <testcase classname="testngflags.Flag4" name="b" time="0.006"/>
  <system-out>
    <![CDATA[b]]>
  </system-out>
  <testcase classname="testngflags.Flag4" name="m" time="0.009"/>
  <system-out>
    <![CDATA[m]]>
  </system-out>
  <testcase classname="testngflags.Flag4" name="k" time="0.006"/>
  <system-out>
    <![CDATA[k]]>
  </system-out>
  <testcase classname="testngflags.Flag4" name="g" time="0.006"/>
  <system-out>
    <![CDATA[g]]>
  </system-out>
  <testcase classname="testngflags.Flag4" name="a" time="0.029"/>
  <system-out>
    <![CDATA[a]]>
  </system-out>
  <testcase classname="testngflags.Flag4" name="p" time="0.006"/>
  <system-out>
    <![CDATA[p]]>
  </system-out>
  <testcase classname="testngflags.Flag4" name="l" time="0.006"/>
  <system-out>
    <![CDATA[l]]>
  </system-out>
  <testcase classname="testngflags.Flag4" name="h" time="0.005"/>
  <system-out>
    <![CDATA[h]]>
  </system-out>
  <testcase classname="testngflags.Flag4" name="z" time="0.006"/>
  <system-out>
    <![CDATA[z]]>
  </system-out>
</testsuite> <!-- testngflags.Flag4 -->
