<?xml version="1.0" encoding="UTF-8"?>
<!-- Generated by org.testng.reporters.JUnitReportReporter -->
<testsuite hostname="HP-PC" failures="0" tests="5" name="testngpack.Demo" time="0.042" errors="0" timestamp="2022-06-03T09:55:25 IST" skipped="0">
  <testcase classname="testngpack.Demo" name="method4" time="0.005"/>
  <system-out>
    <![CDATA[method4]]>
  </system-out>
  <testcase classname="testngpack.Demo" name="method5" time="0.004"/>
  <system-out>
    <![CDATA[method5]]>
  </system-out>
  <testcase classname="testngpack.Demo" name="method1" time="0.024"/>
  <system-out>
    <![CDATA[method1 executed]]>
  </system-out>
  <testcase classname="testngpack.Demo" name="method3" time="0.004"/>
  <system-out>
    <![CDATA[method3]]>
  </system-out>
  <testcase classname="testngpack.Demo" name="method2" time="0.005"/>
  <system-out>
    <![CDATA[method2]]>
  </system-out>
</testsuite> <!-- testngpack.Demo -->
